\BOOKMARK [0][-]{chapter.1}{\376\377\020\005\020\000\020\072\020\033\020\057\020\025\020\072\020\000\020\054\020\070\020\033\020\062\020\034\020\072\020\026\020\074\020\004\020\067\020\072\000\040\020\025\020\033\020\055\020\057\020\002\020\033\020\031\020\072\020\070\020\031\020\004\020\072\020\070\020\031\020\055\020\020\020\072\020\006\020\000\020\072}{}% 1
\BOOKMARK [1][-]{section.1.1}{\376\377\020\005\020\000\020\072\020\033\020\057\020\025\020\072\000\040\020\000\020\054\020\070\020\033\020\062\020\034\020\072}{chapter.1}% 2
\BOOKMARK [1][-]{section.1.2}{\376\377\000M\000e\000e\000t\000\040\000K\000a\000r\000e\000l\000\040\020\025\020\033\020\055\020\057\020\002\020\033\020\031\020\072}{chapter.1}% 3
\BOOKMARK [1][-]{section.1.3}{\376\377\020\000\020\054\020\070\020\033\020\062\020\034\020\072\000\040\020\025\020\033\020\055\020\057\020\002\020\033\020\031\020\072\000\040\000r\000u\000n\000\040\020\001\020\074\020\004\020\072\020\070}{chapter.1}% 4
\BOOKMARK [1][-]{section.1.4}{\376\377\000P\000y\000t\000h\000o\000n\000\040\020\041\020\004\020\072\020\005\020\020\020\061\020\054\020\034\020\072\020\034\020\057\020\025\020\072\020\020\020\062\020\067\020\041\020\001\020\053\000\040\020\030\020\054\020\020\020\075\020\061\020\025\020\053\020\034\020\062}{chapter.1}% 5
\BOOKMARK [1][-]{section.1.5}{\376\377\000M\000o\000v\000e\000\040\000B\000e\000e\000p\000e\000r\000\040\000t\000o\000\040\000O\000t\000h\000e\000r\000\040\000S\000i\000d\000e}{chapter.1}% 6
\BOOKMARK [0][-]{chapter.2}{\376\377\020\000\020\054\020\070\020\033\020\062\020\034\020\072\020\024\020\076\020\004\020\067\020\072\000\040\020\000\020\075\020\024\020\072\020\021\020\033\020\055\020\057\020\070\020\034\020\072\000\040\020\005\020\020\020\055\020\020\020\072\020\031\020\024\020\067\020\072\020\031\020\073\020\054\020\070}{}% 7
\BOOKMARK [1][-]{section.2.1}{\376\377\000f\000o\000r\000\040\000l\000o\000o\000p}{chapter.2}% 8
\BOOKMARK [1][-]{section.2.2}{\376\377\020\041\020\004\020\072\020\022\020\024\020\067\020\072\020\021\020\072\020\034\020\057\020\025\020\072\020\001\020\074\020\004\020\072\020\070\020\024\020\076\020\004\020\067\020\072\000\040\020\000\020\057\020\022\020\072\020\005\020\021\020\033\020\000\020\072\020\001\020\073\020\054}{chapter.2}% 9
\BOOKMARK [1][-]{section.2.3}{\376\377\000w\000h\000i\000l\000e\000\040\000l\000o\000o\000p}{chapter.2}% 10
\BOOKMARK [1][-]{section.2.4}{\376\377\000i\000f\000\040\020\005\020\020\020\055\020\020\020\072\020\031\020\024\020\067\020\072}{chapter.2}% 11
\BOOKMARK [1][-]{section.2.5}{\376\377\000i\000f\000.\000.\000.\000e\000l\000s\000e\000\040\020\005\020\020\020\055\020\020\020\072\020\031\020\024\020\067\020\072}{chapter.2}% 12
\BOOKMARK [1][-]{section.2.6}{\376\377\000N\000e\000s\000t\000e\000d\000\040\020\000\020\075\020\024\020\072\020\021\020\033\020\055\020\057\020\070\020\034\020\072\000\040\020\005\020\020\020\055\020\020\020\072\020\031\020\024\020\067\020\072\020\031\020\073\020\054\020\070}{chapter.2}% 13
\BOOKMARK [0][-]{chapter.3}{\376\377\020\026\020\024\020\072\020\033\020\076\020\004\020\072\020\031\020\073\020\054\020\070\000\040\000\050\000F\000u\000n\000c\000t\000i\000o\000n\000s\000\051}{}% 14
\BOOKMARK [1][-]{section.3.1}{\376\377\020\026\020\024\020\072\020\033\020\076\020\004\020\072\000\040\020\036\020\020\020\072\020\031\020\076\020\020\020\072\020\001\020\074\020\004\020\072\020\070}{chapter.3}% 15
\BOOKMARK [1][-]{section.3.2}{\376\377\020\025\020\033\020\056\020\000\020\075\020\024\020\072\020\022\020\056\020\033\020\076\020\004\020\072\020\024\020\076\020\004\020\067\020\072\000\040\020\025\020\055\020\057\020\067\020\005\020\072\020\000\020\075\020\024\020\072\020\022\020\056\020\033\020\076\020\004\020\072}{chapter.3}% 16
\BOOKMARK [1][-]{section.3.3}{\376\377\020\026\020\024\020\072\020\033\020\076\020\004\020\072\020\031\020\073\020\054\020\070\020\026\020\074\020\004\020\067\020\072\000\040\000a\000b\000s\000t\000r\000a\000c\000t\000i\000o\000n\000\040\020\031\020\073\020\054\020\070\000\040\020\020\020\012\020\072\020\006\020\061\020\054\020\000\020\072\020\001\020\074\020\004\020\072\020\070}{chapter.3}% 17
\BOOKMARK [1][-]{section.3.4}{\376\377\000B\000o\000t\000t\000o\000m\000-\000u\000p\000\040\000P\000r\000o\000g\000r\000a\000m\000m\000i\000n\000g}{chapter.3}% 18
\BOOKMARK [1][-]{section.3.5}{\376\377\000T\000o\000p\000-\000d\000o\000w\000n\000\040\000P\000r\000o\000g\000r\000a\000m\000m\000i\000n\000g}{chapter.3}% 19
\BOOKMARK [0][-]{chapter.4}{\376\377\020\000\020\054\020\070\020\033\020\062\020\034\020\072\020\024\020\076\020\004\020\067\020\072\000\040\020\033\020\056\020\000\020\054\020\070\020\006\020\005\020\072\020\026\020\072\000\040\020\026\020\024\020\072\020\033\020\076\020\004\020\072\020\031\020\073\020\054\020\070}{}% 20
\BOOKMARK [1][-]{section.4.1}{\376\377\020\033\020\056\020\000\020\054\020\070\020\006\020\005\020\072\020\026\020\072\000\040\020\026\020\024\020\072\020\033\020\076\020\004\020\072\000\040\020\030\020\032\020\072\020\034\020\055\020\057\000\040\020\041\020\034\020\057\020\025\020\072\020\034\020\057\020\025\020\072\020\034\020\062}{chapter.4}% 21
\BOOKMARK [1][-]{section.4.2}{\376\377\020\033\020\056\020\000\020\054\020\070\020\006\020\005\020\072\020\026\020\072\020\024\020\012\020\072\020\070\020\026\020\074\020\004\020\067\020\072\000\040\020\025\020\057\020\005\020\071\020\006\020\054\020\026\020\074\020\061\020\033\020\076\020\004\020\072\020\070\020\001\020\074\020\004\020\072\020\070}{chapter.4}% 22
\BOOKMARK [0][-]{chapter.5}{\376\377\020\022\020\061\020\020\020\054\020\031\020\073\020\054\020\070\020\024\020\076\020\004\020\067\020\072\000\040\020\026\020\024\020\072\020\033\020\076\020\004\020\072\020\031\020\073\020\054\020\070}{}% 23
\BOOKMARK [1][-]{section.5.1}{\376\377\020\000\020\055\020\024\020\072\020\070\020\002\020\017\020\024\020\072\020\070\020\031\020\073\020\054\020\070}{chapter.5}% 24
\BOOKMARK [1][-]{section.5.2}{\376\377\040\030\020\020\020\055\020\057\020\000\020\072\020\025\020\072\040\031\000\040\020\006\020\055\020\057\020\020\020\054\000\040\020\030\020\054\020\034\020\062}{chapter.5}% 25
\BOOKMARK [1][-]{section.5.3}{\376\377\020\027\020\061\020\033\020\056\020\033\020\061\020\030\020\062\020\034\020\072\020\031\020\073\020\054\020\070}{chapter.5}% 26
\BOOKMARK [1][-]{section.5.4}{\376\377\020\005\020\054\020\036\020\054\020\070\020\031\020\073\020\054\020\070}{chapter.5}% 27
\BOOKMARK [1][-]{section.5.5}{\376\377\020\041\020\055\020\025\020\072\020\005\020\072\020\025\020\033\020\000\020\072\020\033\020\076\020\004\020\072\020\031\020\073\020\054\020\070}{chapter.5}% 28
\BOOKMARK [1][-]{section.5.6}{\376\377\020\030\020\060\020\034\020\056\020\032\020\024\020\072\000\040\020\020\020\055\020\057\020\000\020\072\020\025\020\072\020\024\020\076\020\004\020\067\020\072\000\040\020\030\020\060\020\034\020\056\020\032\020\024\020\072\000\040\020\041\020\055\020\025\020\072\020\005\020\072\020\025\020\033\020\000\020\072\020\033\020\076\020\004\020\072}{chapter.5}% 29
\BOOKMARK [0][-]{chapter.6}{\376\377\020\041\020\061\020\054\020\067\020\030\020\072\020\002\020\073\020\000\020\072\020\031\020\073\020\054\020\070}{}% 30
\BOOKMARK [1][-]{section.6.1}{\376\377\000d\000a\000t\000e\000,\000\040\000t\000i\000m\000e\000\040\000a\000n\000d\000\040\000d\000a\000t\000e\000t\000i\000m\000e}{chapter.6}% 31
\BOOKMARK [1][-]{section.6.2}{\376\377\000l\000i\000s\000t}{chapter.6}% 32
\BOOKMARK [0][-]{chapter.7}{\376\377\020\000\020\075\020\024\020\072\020\021\020\033\020\055\020\057\020\070\020\034\020\072\000\040\020\005\020\020\020\055\020\020\020\072\020\031\020\024\020\067\020\072\020\031\020\073\020\054\020\070}{}% 33
\BOOKMARK [1][-]{section.7.1}{\376\377\000i\000f\000\040\020\005\020\020\020\055\020\020\020\072\020\031\020\024\020\067\020\072}{chapter.7}% 34
\BOOKMARK [1][-]{section.7.2}{\376\377\000f\000o\000r\000\040\000L\000o\000o\000p}{chapter.7}% 35
\BOOKMARK [1][-]{section.7.3}{\376\377\000P\000y\000t\000h\000o\000n\000\040\000A\000r\000c\000a\000d\000e\000\040\000L\000i\000b\000r\000a\000r\000y}{chapter.7}% 36
\BOOKMARK [1][-]{section.7.4}{\376\377\000w\000h\000i\000l\000e\000\040\000l\000o\000o\000p}{chapter.7}% 37
\BOOKMARK [1][-]{section.7.5}{\376\377\020\034\020\061\020\067\020\000\020\073\020\004\020\067\020\072\020\033\020\024\020\072\000\040\020\045\020\025\020\031\020\054\020\031\020\073\020\054\020\070}{chapter.7}% 38
\BOOKMARK [0][-]{chapter.8}{\376\377\020\026\020\024\020\072\020\033\020\076\020\004\020\072\020\031\020\073\020\054\020\070}{}% 39
\BOOKMARK [1][-]{section.8.1}{\376\377\020\020\020\024\020\072\020\026\020\055\020\057\020\070\020\025\020\074\020\024\020\072\020\025\020\061\020\070\020\020\020\062\020\067\000\040\020\026\020\024\020\072\020\033\020\076\020\004\020\072\020\031\020\073\020\054\020\070}{chapter.8}% 40
\BOOKMARK [1][-]{section.8.2}{\376\377\020\020\020\024\020\072\020\026\020\055\020\057\020\070\020\025\020\074\020\024\020\072\020\031\020\025\020\061\020\070\020\020\020\062\020\067\000\040\020\026\020\024\020\072\020\033\020\076\020\004\020\072\020\031\020\073\020\054\020\070}{chapter.8}% 41
\BOOKMARK [1][-]{section.8.3}{\376\377\000E\000x\000c\000e\000p\000t\000i\000o\000n\000s}{chapter.8}% 42
\BOOKMARK [1][-]{section.8.4}{\376\377\020\026\020\024\020\072\020\033\020\076\020\004\020\072\020\024\020\076\020\004\020\067\020\072\000\040\020\025\020\033\020\055\020\057\020\002\020\033\020\031\020\072\020\022\020\056\020\007\020\055\020\057\020\004\020\072\020\070\000\040\020\045\020\025\020\031\020\054\000\040\000\050\020\101\000\051\000\040\040\034\000I\000n\000s\000u\000r\000a\000n\000c\000e\000\040\000P\000r\000e\000m\000i\000u\000m\040\035}{chapter.8}% 43
\BOOKMARK [1][-]{section.8.5}{\376\377\020\026\020\024\020\072\020\033\020\076\020\004\020\072\020\024\020\076\020\004\020\067\020\072\000\040\020\025\020\033\020\055\020\057\020\002\020\033\020\031\020\072\020\022\020\056\020\007\020\055\020\057\020\004\020\072\020\070\000\040\020\045\020\025\020\031\020\054\000\040\000\050\020\102\000\051\000\040\040\034\000C\000o\000l\000o\000r\000f\000u\000l\000\040\000H\000o\000u\000s\000e\040\035}{chapter.8}% 44
\BOOKMARK [1][-]{section.8.6}{\376\377\020\025\020\053\020\033\020\054\020\031\020\056\020\020\020\054\000\040\020\033\020\075\020\061\020\070\020\001\020\073\020\032\020\072\020\036\020\020\020\072\020\031\020\076\020\020\020\072\020\001\020\074\020\004\020\072\020\070}{chapter.8}% 45
\BOOKMARK [1][-]{section.8.7}{\376\377\020\020\020\024\020\072\020\026\020\055\020\057\020\070\020\025\020\074\020\024\020\072\020\025\020\061\020\070\020\001\020\074\020\004\020\072\020\070\020\112\000\040\020\031\020\025\020\061\020\070\020\001\020\074\020\004\020\072\020\070\000\040\020\030\020\054\020\000\020\075\020\054\020\001\020\074\020\054\020\070\020\034\020\062}{chapter.8}% 46
\BOOKMARK [1][-]{section.8.8}{\376\377\000r\000e\000t\000u\000r\000n}{chapter.8}% 47
\BOOKMARK [0][-]{appendix.A}{\376\377\020\034\020\055\020\057\020\041\020\025\020\072\020\036\020\012\020\067\020\072\000\040\020\006\020\061\020\054\020\067\020\026\020\072\020\035\020\062\020\031\020\073\020\054\020\070\000\040\020\021\020\012\020\067\020\072\020\036\020\075\020\004\020\072\020\070\020\001\020\074\020\004\020\072\020\070}{}% 48
\BOOKMARK [0][-]{appendix.B}{\376\377\020\000\020\054\020\070\020\033\020\062\020\034\020\072\020\025\020\033\020\055\020\057\020\002\020\033\020\031\020\072\000\040\020\026\020\056\020\001\020\073\020\054\020\031\020\073\020\054\020\070}{}% 49
